<?xml version="1.0" encoding="UTF-8"?>
<!-- Generated by org.testng.reporters.JUnitXMLReporter -->
<testsuite hostname="ITCL0VRNR" ignored="0" name="Test" tests="3" failures="0" timestamp="02 Feb 2021 19:16:32 GMT" time="69.217" errors="0">
  <testcase name="logo" time="2.124" classname="com.UIAutomationFinalProjectV2.UIAutomationFinalProjectV2.LogoIsDisplayed"/>
  <testcase name="RegisterationTestCase" time="27.6" classname="com.UIAutomationFinalProjectV2.UIAutomationFinalProjectV2.Registeration"/>
  <testcase name="AddProduct" time="23.672" classname="com.UIAutomationFinalProjectV2.UIAutomationFinalProjectV2.ShoppingCart"/>
</testsuite> <!-- Test -->
